<?xml version="1.0" encoding="UTF-8"?>
<!-- Generated by org.testng.reporters.JUnitReportReporter -->
<testsuite hostname="DESKTOP-8QFFSKO" failures="0" tests="1" name="crossBrowserTesting.kiteLaunchStudy" time="17.925" errors="0" timestamp="2022-07-29T22:03:14 IST" skipped="0">
  <testcase classname="crossBrowserTesting.kiteLaunchStudy" name="LaunchKite" time="17.925"/>
  <system-out/>
</testsuite> <!-- crossBrowserTesting.kiteLaunchStudy -->
