<?xml version="1.0" encoding="UTF-8"?>
<!-- Generated by org.testng.reporters.JUnitReportReporter -->
<testsuite hostname="DESKTOP-8QFFSKO" failures="0" tests="1" name="verificationUsingTestNG.AssertTrueAndAssertFalse" time="0.033" errors="0" timestamp="2022-07-29T10:49:45 IST" skipped="0">
  <testcase classname="verificationUsingTestNG.AssertTrueAndAssertFalse" name="Mymethod" time="0.033"/>
  <system-out/>
</testsuite> <!-- verificationUsingTestNG.AssertTrueAndAssertFalse -->
