<?xml version="1.0" encoding="UTF-8"?>
<!-- Generated by org.testng.reporters.JUnitReportReporter -->
<testsuite hostname="DESKTOP-8QFFSKO" failures="0" tests="1" name="verificationUsingTestNG.PaytmRecharge" time="35.592" errors="0" timestamp="2022-07-28T13:24:51 IST" skipped="0">
  <testcase classname="verificationUsingTestNG.PaytmRecharge" name="PaytmTest" time="35.592"/>
  <system-out>
    <![CDATA[TC is fail]]>
  </system-out>
</testsuite> <!-- verificationUsingTestNG.PaytmRecharge -->
