<?xml version="1.0" encoding="UTF-8"?>
<!-- Generated by org.testng.reporters.JUnitReportReporter -->
<testsuite hostname="DESKTOP-8QFFSKO" failures="0" tests="5" name="testNGKeyWords.InvocationCountStudy" time="0.059" errors="0" timestamp="2022-07-25T09:44:41 IST" skipped="0">
  <testcase classname="testNGKeyWords.InvocationCountStudy" name="myMethod" time="0.012"/>
  <system-out>
    <![CDATA[My method is running]]>
  </system-out>
  <testcase classname="testNGKeyWords.InvocationCountStudy" name="myMethod" time="0.005"/>
  <system-out>
    <![CDATA[My method is running]]>
  </system-out>
  <testcase classname="testNGKeyWords.InvocationCountStudy" name="myMethod" time="0.031"/>
  <system-out>
    <![CDATA[My method is running]]>
  </system-out>
  <testcase classname="testNGKeyWords.InvocationCountStudy" name="myMethod" time="0.004"/>
  <system-out>
    <![CDATA[My method is running]]>
  </system-out>
  <testcase classname="testNGKeyWords.InvocationCountStudy" name="myMethod" time="0.007"/>
  <system-out>
    <![CDATA[My method is running]]>
  </system-out>
</testsuite> <!-- testNGKeyWords.InvocationCountStudy -->
