<?xml version="1.0" encoding="UTF-8"?>
<!-- Generated by org.testng.reporters.JUnitReportReporter -->
<testsuite hostname="DESKTOP-8QFFSKO" failures="0" tests="2" name="testNGXML_Study.TestXML2" time="0.013" errors="0" timestamp="2022-07-25T22:51:45 IST" skipped="0">
  <testcase classname="testNGXML_Study.TestXML2" name="e" time="0.006"/>
  <system-out>
    <![CDATA[e method is running]]>
  </system-out>
  <testcase classname="testNGXML_Study.TestXML2" name="f" time="0.007"/>
  <system-out>
    <![CDATA[f method is running]]>
  </system-out>
</testsuite> <!-- testNGXML_Study.TestXML2 -->
