<?xml version="1.0" encoding="UTF-8"?>
<!-- Generated by org.testng.reporters.JUnitReportReporter -->
<testsuite hostname="DESKTOP-8QFFSKO" failures="0" tests="4" name="testNGXML_Study.FailTCExecution1" time="0.020" errors="0" timestamp="2022-07-29T09:43:29 IST" skipped="0">
  <testcase classname="testNGXML_Study.FailTCExecution1" name="TC4" time="0.007"/>
  <system-out>
    <![CDATA[TC4 is running]]>
  </system-out>
  <testcase classname="testNGXML_Study.FailTCExecution1" name="TC1" time="0.006"/>
  <system-out>
    <![CDATA[TC1 is running]]>
  </system-out>
  <testcase classname="testNGXML_Study.FailTCExecution1" name="TC3" time="0.004"/>
  <system-out>
    <![CDATA[TC3 is running]]>
  </system-out>
  <testcase classname="testNGXML_Study.FailTCExecution1" name="TC2" time="0.003"/>
  <system-out>
    <![CDATA[TC2 is running]]>
  </system-out>
</testsuite> <!-- testNGXML_Study.FailTCExecution1 -->
