<?xml version="1.0" encoding="UTF-8"?>
<!-- Generated by org.testng.reporters.JUnitReportReporter -->
<testsuite hostname="DESKTOP-8QFFSKO" failures="0" tests="2" name="testNGAnnotations.AnnotationsStudy" time="0.039" errors="0" timestamp="2022-07-23T09:32:34 IST" skipped="0">
  <testcase classname="testNGAnnotations.AnnotationsStudy" name="testme" time="0.029"/>
  <system-out>
    <![CDATA[HI]]>
  </system-out>
  <testcase classname="testNGAnnotations.AnnotationsStudy" name="validateUserID" time="0.010"/>
  <system-out>
    <![CDATA[User ID is validated]]>
  </system-out>
</testsuite> <!-- testNGAnnotations.AnnotationsStudy -->
