<?xml version="1.0" encoding="UTF-8"?>
<!-- Generated by org.testng.reporters.JUnitReportReporter -->
<testsuite hostname="DESKTOP-8QFFSKO" failures="0" tests="1" name="kiteUserIDUsingTestNG.ValidateKiteUserID" time="10.100" errors="0" timestamp="2022-08-01T13:52:28 IST" skipped="0">
  <testcase classname="kiteUserIDUsingTestNG.ValidateKiteUserID" name="validateUserID" time="10.100"/>
  <system-out>
    <![CDATA[Validating actual and expected user ID
Validating actual and expected user ID TC is PASSED]]>
  </system-out>
</testsuite> <!-- kiteUserIDUsingTestNG.ValidateKiteUserID -->
