<?xml version="1.0" encoding="UTF-8"?>
<!-- Generated by org.testng.reporters.JUnitReportReporter -->
<testsuite hostname="DESKTOP-8QFFSKO" failures="0" tests="1" name="testNGXML_Study.FailTCExecution2" time="0.023" errors="0" timestamp="2022-07-29T09:43:48 IST" skipped="0">
  <testcase classname="testNGXML_Study.FailTCExecution2" name="TC7" time="0.023"/>
  <system-out>
    <![CDATA[TC6 is running]]>
  </system-out>
</testsuite> <!-- testNGXML_Study.FailTCExecution2 -->
