<?xml version="1.0" encoding="UTF-8"?>
<!-- Generated by org.testng.reporters.JUnitReportReporter -->
<testsuite hostname="DESKTOP-8QFFSKO" failures="0" tests="1" name="serialOrParallelExecution_TestNG.Test2" time="16.323" errors="0" timestamp="2022-07-27T12:28:23 IST" skipped="0">
  <testcase classname="serialOrParallelExecution_TestNG.Test2" name="KiteLaunch" time="16.323"/>
  <system-out/>
</testsuite> <!-- serialOrParallelExecution_TestNG.Test2 -->
