<?xml version="1.0" encoding="UTF-8"?>
<!-- Generated by org.testng.reporters.JUnitReportReporter -->
<testsuite hostname="DESKTOP-8QFFSKO" failures="0" tests="5" name="testNGKeyWords.PriorityStudy" time="0.052" errors="0" timestamp="2022-07-23T11:43:59 IST" skipped="0">
  <testcase classname="testNGKeyWords.PriorityStudy" name="e" time="0.004"/>
  <system-out>
    <![CDATA[e method is running]]>
  </system-out>
  <testcase classname="testNGKeyWords.PriorityStudy" name="b" time="0.024"/>
  <system-out>
    <![CDATA[b method is running]]>
  </system-out>
  <testcase classname="testNGKeyWords.PriorityStudy" name="c" time="0.008"/>
  <system-out>
    <![CDATA[c method is running]]>
  </system-out>
  <testcase classname="testNGKeyWords.PriorityStudy" name="a" time="0.005"/>
  <system-out>
    <![CDATA[a method is running]]>
  </system-out>
  <testcase classname="testNGKeyWords.PriorityStudy" name="d" time="0.011"/>
  <system-out>
    <![CDATA[d method is running]]>
  </system-out>
</testsuite> <!-- testNGKeyWords.PriorityStudy -->
