<?xml version="1.0" encoding="UTF-8"?>
<!-- Generated by org.testng.reporters.JUnitReportReporter -->
<testsuite hostname="DESKTOP-8QFFSKO" failures="0" tests="1" name="kiteAppTestClasses.KiteUNTestUsingProperty" time="6.014" errors="0" timestamp="2022-08-06T13:29:24 IST" skipped="0">
  <testcase classname="kiteAppTestClasses.KiteUNTestUsingProperty" name="ValidateUserName" time="6.014"/>
  <system-out>
    <![CDATA[Actual and Expected user id matching TC is PASSED]]>
  </system-out>
</testsuite> <!-- kiteAppTestClasses.KiteUNTestUsingProperty -->
