<?xml version="1.0" encoding="UTF-8"?>
<!-- Generated by org.testng.reporters.JUnitReportReporter -->
<testsuite hostname="DESKTOP-8QFFSKO" failures="0" tests="7" name="testNGKeyWords.MultipleKeywords" time="0.064" errors="0" timestamp="2022-07-25T10:16:38 IST" skipped="0">
  <testcase classname="testNGKeyWords.MultipleKeywords" name="b" time="0.006"/>
  <system-out>
    <![CDATA[b method is running]]>
  </system-out>
  <testcase classname="testNGKeyWords.MultipleKeywords" name="b" time="0.004"/>
  <system-out>
    <![CDATA[b method is running]]>
  </system-out>
  <testcase classname="testNGKeyWords.MultipleKeywords" name="b" time="0.005"/>
  <system-out>
    <![CDATA[b method is running]]>
  </system-out>
  <testcase classname="testNGKeyWords.MultipleKeywords" name="c" time="0.004"/>
  <system-out>
    <![CDATA[c method is running]]>
  </system-out>
  <testcase classname="testNGKeyWords.MultipleKeywords" name="a" time="0.024"/>
  <system-out>
    <![CDATA[a method is running]]>
  </system-out>
  <testcase classname="testNGKeyWords.MultipleKeywords" name="d" time="0.012"/>
  <system-out>
    <![CDATA[d method is running]]>
  </system-out>
  <testcase classname="testNGKeyWords.MultipleKeywords" name="e" time="0.009"/>
  <system-out>
    <![CDATA[e method is running]]>
  </system-out>
</testsuite> <!-- testNGKeyWords.MultipleKeywords -->
