<?xml version="1.0" encoding="UTF-8"?>
<!-- Generated by org.testng.reporters.JUnitReportReporter -->
<testsuite hostname="DESKTOP-8QFFSKO" failures="0" tests="1" name="testNGXML_Study.TestNGGrouping1" time="0.011" errors="0" timestamp="2022-07-25T23:43:38 IST" skipped="0">
  <testcase classname="testNGXML_Study.TestNGGrouping1" name="a" time="0.011"/>
  <system-out>
    <![CDATA[a method is running]]>
  </system-out>
</testsuite> <!-- testNGXML_Study.TestNGGrouping1 -->
