<?xml version="1.0" encoding="UTF-8"?>
<!-- Generated by org.testng.reporters.JUnitReportReporter -->
<testsuite hostname="DESKTOP-8QFFSKO" failures="0" tests="1" name="TestNGStudy.MyClass" time="0.033" errors="0" timestamp="2022-07-25T13:40:29 IST" skipped="0">
  <testcase classname="TestNGStudy.MyClass" name="mymethod" time="0.033"/>
  <system-out>
    <![CDATA[HI this is written in reporter without boolean value
HI this is written in reporter with boolean value]]>
  </system-out>
</testsuite> <!-- TestNGStudy.MyClass -->
