<?xml version="1.0" encoding="UTF-8"?>
<!-- Generated by org.testng.reporters.JUnitReportReporter -->
<testsuite hostname="DESKTOP-8QFFSKO" failures="0" tests="2" name="testNGAnnotations.Study" time="0.031" errors="0" timestamp="2022-07-25T14:11:02 IST" skipped="0">
  <testcase classname="testNGAnnotations.Study" name="myMethod" time="0.031"/>
  <system-out>
    <![CDATA[Test Method is running]]>
  </system-out>
  <testcase classname="testNGAnnotations.Study" name="myMethod1" time="0.000"/>
  <system-out>
    <![CDATA[Test Method 1 is running ]]>
  </system-out>
</testsuite> <!-- testNGAnnotations.Study -->
