<?xml version="1.0" encoding="UTF-8"?>
<!-- Generated by org.testng.reporters.JUnitReportReporter -->
<testsuite hostname="DESKTOP-8QFFSKO" failures="0" tests="1" name="kiteTestClasses.ValidateKiteUserIDUsingPropertyFile" time="7.438" errors="0" timestamp="2022-08-06T13:24:06 IST" skipped="0">
  <testcase classname="kiteTestClasses.ValidateKiteUserIDUsingPropertyFile" name="KiteUserValidation" time="7.438"/>
  <system-out>
    <![CDATA[reading data from properties file
taken screenshot]]>
  </system-out>
</testsuite> <!-- kiteTestClasses.ValidateKiteUserIDUsingPropertyFile -->
