<?xml version="1.0" encoding="UTF-8"?>
<!-- Generated by org.testng.reporters.JUnitReportReporter -->
<testsuite hostname="DESKTOP-8QFFSKO" failures="0" tests="5" name="testNGKeyWords.EnabledStudy" time="0.033" errors="0" timestamp="2022-07-23T12:01:18 IST" skipped="1">
  <testcase classname="testNGKeyWords.EnabledStudy" name="b" time="0.024"/>
  <system-out>
    <![CDATA[b method is running]]>
  </system-out>
  <testcase classname="testNGKeyWords.EnabledStudy" name="c" time="0.003"/>
  <system-out>
    <![CDATA[c method is running]]>
  </system-out>
  <testcase classname="testNGKeyWords.EnabledStudy" name="d" time="0.003"/>
  <system-out>
    <![CDATA[d method is running]]>
  </system-out>
  <testcase classname="testNGKeyWords.EnabledStudy" name="e" time="0.003"/>
  <system-out>
    <![CDATA[e method is running]]>
  </system-out>
  <testcase classname="testNGKeyWords.EnabledStudy" name="a">
    <skipped/>
  </testcase> <!-- a -->
  <system-out/>
</testsuite> <!-- testNGKeyWords.EnabledStudy -->
