<?xml version="1.0" encoding="UTF-8"?>
<!-- Generated by org.testng.reporters.JUnitReportReporter -->
<testsuite hostname="DESKTOP-8QFFSKO" failures="0" tests="1" name="TestNGStudy.TestNGTest_1" time="32.647" errors="0" timestamp="2022-07-25T13:48:14 IST" skipped="0">
  <testcase classname="TestNGStudy.TestNGTest_1" name="launchKite" time="32.647"/>
  <system-out/>
</testsuite> <!-- TestNGStudy.TestNGTest_1 -->
