<?xml version="1.0" encoding="UTF-8"?>
<!-- Generated by org.testng.reporters.JUnitReportReporter -->
<testsuite hostname="DESKTOP-8QFFSKO" failures="0" tests="2" name="testNGAnnotations.AnnotationStudy_1" time="0.015" errors="0" timestamp="2022-07-25T15:18:15 IST" skipped="1">
  <testcase classname="testNGAnnotations.AnnotationStudy_1" name="validateUserID" time="0.015"/>
  <system-out>
    <![CDATA[UserId validation done]]>
  </system-out>
  <testcase classname="testNGAnnotations.AnnotationStudy_1" name="validatePin">
    <skipped/>
  </testcase> <!-- validatePin -->
  <system-out/>
</testsuite> <!-- testNGAnnotations.AnnotationStudy_1 -->
