<?xml version="1.0" encoding="UTF-8"?>
<!-- Generated by org.testng.reporters.JUnitReportReporter -->
<testsuite hostname="DESKTOP-8QFFSKO" failures="0" tests="1" name="serialOrParallelExecution_Practice_TestNG.Test1" time="13.076" errors="0" timestamp="2022-07-27T13:06:28 IST" skipped="0">
  <testcase classname="serialOrParallelExecution_Practice_TestNG.Test1" name="KiteLaunch" time="13.076"/>
  <system-out>
    <![CDATA[KiteLaunched]]>
  </system-out>
</testsuite> <!-- serialOrParallelExecution_Practice_TestNG.Test1 -->
