<?xml version="1.0" encoding="UTF-8"?>
<!-- Generated by org.testng.reporters.JUnitReportReporter -->
<testsuite hostname="DESKTOP-8QFFSKO" failures="0" tests="2" name="testNGXML_Study.TestXML1" time="0.027" errors="0" timestamp="2022-07-25T22:51:45 IST" skipped="0">
  <testcase classname="testNGXML_Study.TestXML1" name="b" time="0.023"/>
  <system-out>
    <![CDATA[b method is running]]>
  </system-out>
  <testcase classname="testNGXML_Study.TestXML1" name="a" time="0.004"/>
  <system-out>
    <![CDATA[a method is running]]>
  </system-out>
</testsuite> <!-- testNGXML_Study.TestXML1 -->
