<?xml version="1.0" encoding="UTF-8"?>
<!-- Generated by org.testng.reporters.JUnitReportReporter -->
<testsuite hostname="DESKTOP-8QFFSKO" failures="0" tests="1" name="testNGXML_Study.TestNGGrouping2" time="0.025" errors="0" timestamp="2022-07-25T23:43:38 IST" skipped="0">
  <testcase classname="testNGXML_Study.TestNGGrouping2" name="f" time="0.025"/>
  <system-out>
    <![CDATA[f method is running]]>
  </system-out>
</testsuite> <!-- testNGXML_Study.TestNGGrouping2 -->
