<?xml version="1.0" encoding="UTF-8"?>
<!-- Generated by org.testng.reporters.JUnitReportReporter -->
<testsuite hostname="DESKTOP-8QFFSKO" failures="0" tests="5" name="testNGKeyWords.dependsOnMethodsStudy" time="0.042" errors="0" timestamp="2022-07-25T10:00:51 IST" skipped="0">
  <testcase classname="testNGKeyWords.dependsOnMethodsStudy" name="c" time="0.002"/>
  <system-out>
    <![CDATA[c method is running]]>
  </system-out>
  <testcase classname="testNGKeyWords.dependsOnMethodsStudy" name="d" time="0.025"/>
  <system-out>
    <![CDATA[d methodis running]]>
  </system-out>
  <testcase classname="testNGKeyWords.dependsOnMethodsStudy" name="e" time="0.004"/>
  <system-out>
    <![CDATA[e method is running]]>
  </system-out>
  <testcase classname="testNGKeyWords.dependsOnMethodsStudy" name="a" time="0.008"/>
  <system-out>
    <![CDATA[a method is running]]>
  </system-out>
  <testcase classname="testNGKeyWords.dependsOnMethodsStudy" name="b" time="0.003"/>
  <system-out>
    <![CDATA[b method is running]]>
  </system-out>
</testsuite> <!-- testNGKeyWords.dependsOnMethodsStudy -->
